<?xml version="1.0" encoding="UTF-8"?>
<!-- Generated by org.testng.reporters.JUnitXMLReporter -->
<testsuite hostname="DESKTOP-JRREHJV" ignored="0" name="T2" tests="5" failures="0" timestamp="09 Dec 2019 05:55:24 GMT" time="37.097" errors="0">
  <testcase name="visitbusiness" time="4.304" classname="testng.multitest"/>
  <testcase name="visitPrivacy" time="5.047" classname="testng.multitest"/>
  <testcase name="visitAdvertising" time="1.835" classname="testng.multitest"/>
  <testcase name="visitTerms" time="1.459" classname="testng.multitest"/>
  <testcase name="visitAbout" time="2.512" classname="testng.multitest"/>
</testsuite> <!-- T2 -->
